This is pdfTeX, Version 3.14159265-2.6-1.40.15 (TeX Live 2014/Debian) (preloaded format=pdflatex 2014.6.30)  2 JUL 2014 14:09
entering extended mode
 restricted \write18 enabled.
 %&-line parsing enabled.
**\nonstopmode\input pride-and-prejudice.tex
(./pride-and-prejudice.tex
(/usr/share/texlive/texmf-dist/tex/latex/base/article.cls
Document Class: article 2007/10/19 v1.4h Standard LaTeX document class
(/usr/share/texlive/texmf-dist/tex/latex/base/size10.clo
File: size10.clo 2007/10/19 v1.4h Standard LaTeX file (size option)
)
\c@part=\count79
\c@section=\count80
\c@subsection=\count81
\c@subsubsection=\count82
\c@paragraph=\count83
\c@subparagraph=\count84
\c@figure=\count85
\c@table=\count86
\abovecaptionskip=\skip41
\belowcaptionskip=\skip42
\bibindent=\dimen102
)
No file pride-and-prejudice.aux.
\openout1 = `pride-and-prejudice.aux'.

LaTeX Font Info:    Checking defaults for OML/cmm/m/it on input line 5.
LaTeX Font Info:    ... okay on input line 5.
LaTeX Font Info:    Checking defaults for T1/cmr/m/n on input line 5.
LaTeX Font Info:    ... okay on input line 5.
LaTeX Font Info:    Checking defaults for OT1/cmr/m/n on input line 5.
LaTeX Font Info:    ... okay on input line 5.
LaTeX Font Info:    Checking defaults for OMS/cmsy/m/n on input line 5.
LaTeX Font Info:    ... okay on input line 5.
LaTeX Font Info:    Checking defaults for OMX/cmex/m/n on input line 5.
LaTeX Font Info:    ... okay on input line 5.
LaTeX Font Info:    Checking defaults for U/cmr/m/n on input line 5.
LaTeX Font Info:    ... okay on input line 5.
LaTeX Font Info:    External font `cmex10' loaded for size
(Font)              <12> on input line 7.
LaTeX Font Info:    External font `cmex10' loaded for size
(Font)              <8> on input line 7.
LaTeX Font Info:    External font `cmex10' loaded for size
(Font)              <6> on input line 7.
[1

{/var/lib/texmf/fonts/map/pdftex/updmap/pdftex.map}] [2] [3] [4] [5] [6]
[7] [8] [9] [10] [11] [12] [13] [14] [15] [16] [17] [18] [19] [20] [21]
[22] [23] [24] [25] [26] [27] [28] [29] [30] [31] [32] [33] [34] [35] [36]
[37] [38] [39] [40] [41] [42] [43] [44] [45] [46] [47] [48] [49] [50] [51]
[52] [53] [54] [55] [56] [57] [58] [59] [60] [61] [62] [63] [64] [65] [66]
[67] [68] [69] [70] [71] [72] [73] [74] [75] [76] [77] [78] [79] [80] [81]
[82] [83] [84] [85] [86] [87] [88] [89] [90] [91] [92] [93] [94] [95] [96]
[97] [98] [99] [100] [101] [102] [103] [104]
Overfull \hbox (0.16722pt too wide) in paragraph at lines 6357--6365
[]\OT1/cmr/m/n/10 The ag-i-ta-tion and tears which the sub-ject oc-ca-sioned, b
rought on a headache;
 []

[105]
Overfull \hbox (13.7414pt too wide) in paragraph at lines 6411--6421
[]\OT1/cmr/m/n/10 Elizabeth's as-ton-ish-ment was be-yond ex-pres-sion. She sta
red, coloured, doubted,
 []

[106] [107] [108] [109] [110] [111] [112] [113] [114] [115] [116] [117]
[118] [119] [120] [121] [122] [123] [124] [125] [126] [127] [128] [129]
[130] [131] [132] [133] [134] [135] [136]
Overfull \hbox (4.86171pt too wide) in paragraph at lines 8194--8198
[]\OT1/cmr/m/n/10 Oh! yes--the hand-somest young lady that ever was seen; and s
o accomplished!--
 []

[137] [138] [139] [140] [141] [142] [143] [144] [145] [146] [147] [148]
[149] [150] [151] [152]
Overfull \hbox (6.08284pt too wide) in paragraph at lines 9134--9136
[]\OT1/cmr/m/n/10 I am grieved in-deed, cried Darcy; grieved--shocked. But is i
t certain--absolutely
 []

[153] [154] [155] [156] [157] [158] [159] [160] [161] [162] [163] [164]
[165] [166] [167] [168] [169] [170] [171] [172] [173] [174] [175] [176]
[177] [178] [179] [180] [181] [182] [183] [184] [185] [186] [187] [188]
[189] [190] [191] [192] [193] [194] [195] [196] [197] [198] [199] [200]
[201] [202] [203] [204] [205] [206] [207] [208] [209] [210] [211] [212]
[213] [214] [215] [216] [217]
Overfull \hbox (0.40842pt too wide) in paragraph at lines 13074--13075
[]\OT1/cmr/m/n/10 *** END OF THIS PROJECT GUTEN-BERG EBOOK PRIDE AND PREJ-
 []


Overfull \hbox (29.16748pt too wide) in paragraph at lines 13076--13079
\OT1/cmr/m/n/10 ci-ated files of var-i-ous for-mats will be found in: http://ww
w.gutenberg.org/1/3/4/1342/ 
 []

[218] [219] [220] [221] [222]
LaTeX Font Info:    External font `cmex10' loaded for size
(Font)              <7> on input line 13383.
LaTeX Font Info:    External font `cmex10' loaded for size
(Font)              <5> on input line 13383.
 [223] [224] (./pride-and-prejudice.aux) ) 
Here is how much of TeX's memory you used:
 227 strings out of 493113
 2518 string characters out of 6137488
 61402 words of memory out of 5000000
 3768 multiletter control sequences out of 15000+600000
 7280 words of font info for 26 fonts, out of 8000000 for 9000
 1141 hyphenation exceptions out of 8191
 23i,6n,17p,173b,187s stack positions out of 5000i,500n,10000p,200000b,80000s
</usr/share/texlive/texmf-dist/fonts/
type1/public/amsfonts/cm/cmbx12.pfb></usr/share/texlive/texmf-dist/fonts/type1/
public/amsfonts/cm/cmmi10.pfb></usr/share/texlive/texmf-dist/fonts/type1/public
/amsfonts/cm/cmr10.pfb></usr/share/texlive/texmf-dist/fonts/type1/public/amsfon
ts/cm/cmr12.pfb></usr/share/texlive/texmf-dist/fonts/type1/public/amsfonts/cm/c
mr17.pfb>
Output written on pride-and-prejudice.pdf (224 pages, 733986 bytes).
PDF statistics:
 749 PDF objects out of 1000 (max. 8388607)
 512 compressed objects within 6 object streams
 0 named destinations out of 1000 (max. 500000)
 1 words of extra memory for PDF output out of 10000 (max. 10000000)

